2015-08-19\nArray
(
)
<pre>Terraço Verde;-25.4289541;-49.267137
Cefuria;-25.4313126;-49.2850521
Campanha Banda Larga;-15.7942287;-47.8821658
JUSDH;-15.7942287;-47.8821658
Sociedade Gobal;-25.4437359;-49.2883506
Biossei;-23.589095;-48.0487846
PACS;-22.9117386;-43.1785648
Marcha da Maconha Curitiba;-25.4289541;-49.267137
Nascentes do Iguaçu;-25.4289541;-49.267137
DCE UFPR;-25.4342388;-49.2713753
Sustentabilidade -> ponto em rede não encontrado
Term: UF: , não encontrado, tax: territorio, Post: 52, cols: , 
Redemoinho;-19.8686823;-43.9257935
Term: UF: minas-gerais, não encontrado, tax: territorio, Post: 53, cols: Belo Horizonte, São Paulo, Minas gerais
Term: Cidade: belo-horizonte-sao-paulo, não encontrada, tax: territorio, Post: 53, cols: Belo Horizonte, São Paulo, Minas gerais, cidade: Belo Horizonte, São Paulo, cidade_slug: belo-horizonte-sao-paulo
Usiideias -> ponto em rede não encontrado
Term: UF: , não encontrado, tax: territorio, Post: 54, cols: , 
MCM;-3.1190275;-60.0217314
Term: UF: amazonia, não encontrado, tax: territorio, Post: 55, cols: Manaus, Amazônia
Soylocoporti;-25.4289541;-49.267137
Calix;-25.4314691;-49.2695435
Classid -> ponto em rede não encontrado
Term: UF: , não encontrado, tax: territorio, Post: 58, cols: , 
Ethymos;-25.4226007;-49.2476617
Cultura Ceará -> ponto em rede não encontrado
Term: UF: , não encontrado, tax: territorio, Post: 60, cols: , 
http://dadosabertos.redelivre.org.br -> ponto em rede não encontrado
Term: UF: , não encontrado, tax: territorio, Post: 61, cols: , 
Lei Griô Nacional;-12.5617279;-41.3898761
Unicult - Universidade das Culturas;-22.3;-50.216667
Term: UF: multiplos, não encontrado, tax: territorio, Post: 63, cols: Buenos Aires, São Paulo, Rio de Janeiro, Sagarana, São Carlos, Multiplos
Term: Cidade: buenos-aires-sao-paulo-rio-de-janeiro-sagarana-sao-carlos, não encontrada, tax: territorio, Post: 63, cols: Buenos Aires, São Paulo, Rio de Janeiro, Sagarana, São Carlos, Multiplos, cidade: Buenos Aires, São Paulo, Rio de Janeiro, Sagarana, São Carlos, cidade_slug: buenos-aires-sao-paulo-rio-de-janeiro-sagarana-sao-carlos
http://constituinteufpr.redelivre.org.br -> ponto em rede não encontrado
Term: UF: , não encontrado, tax: territorio, Post: 64, cols: , 
http://ekolink.redelivre.org.br -> ponto em rede não encontrado
Term: UF: , não encontrado, tax: territorio, Post: 65, cols: , 
http://reformapolitica.redelivre.org.br -> ponto em rede não encontrado
Term: UF: , não encontrado, tax: territorio, Post: 66, cols: , 
FREPOP - Fórum de Educação Popular;-21.6732766;-49.7471452
http://mutirao.redelivre.org.br -> ponto em rede não encontrado
Term: UF: , não encontrado, tax: territorio, Post: 68, cols: , 
http://4ciclosdacultura.redelivre.org.br -> ponto em rede não encontrado
Term: UF: , não encontrado, tax: territorio, Post: 69, cols: , 
Conferência Municipal de Cultura do Rio;-22.9213905;-43.6798973
Portal Transparência Fora do Eixo;-22.0087082;-47.8909263
Term: UF: multiplos, não encontrado, tax: territorio, Post: 71, cols:  São Carlos, João Pessoa, Juiz de Fora, América Latina, Múltiplos
Term: Cidade: sao-carlos-joao-pessoa-juiz-de-fora-america-latina, não encontrada, tax: territorio, Post: 71, cols:  São Carlos, João Pessoa, Juiz de Fora, América Latina, Múltiplos, cidade: São Carlos, João Pessoa, Juiz de Fora, América Latina, cidade_slug: sao-carlos-joao-pessoa-juiz-de-fora-america-latina
http://edital-hacker.redelivre.org.br -> ponto em rede não encontrado
Term: UF: , não encontrado, tax: territorio, Post: 72, cols: , 
CAMP - Centro de Assessoria Multiprofissional;-30.0278053;-51.2270803
http://curation.redelivre.org.br -> ponto em rede não encontrado
Term: UF: , não encontrado, tax: territorio, Post: 74, cols: , 
Circuito Mineiro Festivais Independentes;-21.7321504;-43.3996431
Term: Cidade: multiplas, não encontrada, tax: territorio, Post: 75, cols: Multiplas, Minas Gerais, cidade: Multiplas, cidade_slug: multiplas
http://epifania.redelivre.org.br -> ponto em rede não encontrado
Term: UF: , não encontrado, tax: territorio, Post: 76, cols: , 
Congresso Fora do Eixo;-21.7185403;-44.9812675
Term: UF: multiplos, não encontrado, tax: territorio, Post: 77, cols:  , Múltiplos
http://cecrs.redelivre.org.br -> ponto em rede não encontrado
Term: UF: , não encontrado, tax: territorio, Post: 78, cols: , 
Trilhas Grio;-12.4837836;-41.275596
Term: Cidade: chapada-diamantina, não encontrada, tax: territorio, Post: 79, cols: Chapada Diamantina, Bahia, cidade: Chapada Diamantina, cidade_slug: chapada-diamantina
Plataforma de Direitos Humanos;-25.432134;-49.2747946
http://pontosdeculturabrasil.redelivre.org.br -> ponto em rede não encontrado
Term: UF: , não encontrado, tax: territorio, Post: 81, cols: , 
Laboratório de Políticas Culturais;-22.9068467;-43.1728965
Rede de Educação Cidadã -> ponto em rede não encontrado
Term: UF: multiplos, não encontrado, tax: territorio, Post: 83, cols:  Vitória, Curitiba, Morro de São Paulo, Iporá, Pelotas, Joaçaba, Recife, Natal, Múltiplos
Term: Cidade: vitoria-curitiba-morro-de-sao-paulo-ipora-pelotas-joacaba-recife-natal, não encontrada, tax: territorio, Post: 83, cols:  Vitória, Curitiba, Morro de São Paulo, Iporá, Pelotas, Joaçaba, Recife, Natal, Múltiplos, cidade: Vitória, Curitiba, Morro de São Paulo, Iporá, Pelotas, Joaçaba, Recife, Natal, cidade_slug: vitoria-curitiba-morro-de-sao-paulo-ipora-pelotas-joacaba-recife-natal
http://culturavivacomunitaria.redelivre.org.br -> ponto em rede não encontrado
Term: UF: , não encontrado, tax: territorio, Post: 84, cols: , 
Conferência de Direitos Humanos de Campinas;-23.5505199;-46.6333094
Term: Cidade: campinas-sp, não encontrada, tax: territorio, Post: 85, cols: Campinas - SP, São Paulo, cidade: Campinas - SP, cidade_slug: campinas-sp
Laboratório de Cultura Digital;-25.4226007;-49.2476617
Portfólio Phillipe Trindade;-25.4289541;-49.267137
Term: Cidade: curitiba-pr, não encontrada, tax: territorio, Post: 87, cols: Curitiba - PR, Paraná, cidade: Curitiba - PR, cidade_slug: curitiba-pr
Catografias da Ditadura;-22.9211193;-43.1758885
NINA Núcleo Interdisciplinar de Narradores e Agentes Culturais;-22.9119765;-47.0658669
FARCO Foro Argentino de Radios Comunitarias;-34.6036844;-58.3815591
Fuá Produções Culturais;-25.4289541;-49.267137
Term: Cidade: curitiba-pr, não encontrada, tax: territorio, Post: 91, cols: Curitiba - PR, Paraná, cidade: Curitiba - PR, cidade_slug: curitiba-pr
Participe do Lab -> ponto em rede não encontrado
Term: UF: , não encontrado, tax: territorio, Post: 92, cols: , 
Omo Aro Cia Cultural;16.864543;-99.8760448
Term: UF: , não encontrado, tax: territorio, Post: 93, cols: Não consta, 
Term: Cidade: nao-consta, não encontrada, tax: territorio, Post: 93, cols: Não consta, , cidade: Não consta, cidade_slug: nao-consta
Desenvolvimento da Rede Livre -> ponto em rede não encontrado
Term: UF: , não encontrado, tax: territorio, Post: 94, cols: , 
Platohedro - Comunicación libre e compartida;6.2272897;-75.573519
Term: Cidade: medellin-colombia, não encontrada, tax: territorio, Post: 95, cols: Medellín, Colombia, Colômbia, cidade: Medellín, Colombia, cidade_slug: medellin-colombia
Rede de Pontos de Cultura do Rio Grande do Sul;-30.0346471;-51.2176584
Villa Coronilla -> ponto em rede não encontrado
Term: UF: bolivia, não encontrado, tax: territorio, Post: 97, cols: mARTadero - Telartes, Bolívia
Term: Cidade: martadero-telartes, não encontrada, tax: territorio, Post: 97, cols: mARTadero - Telartes, Bolívia, cidade: mARTadero - Telartes, cidade_slug: martadero-telartes
Pueblo Hace Cultura;16.864543;-99.8760448
Term: UF: , não encontrado, tax: territorio, Post: 98, cols: Não consta, 
Term: Cidade: nao-consta, não encontrada, tax: territorio, Post: 98, cols: Não consta, , cidade: Não consta, cidade_slug: nao-consta
Festival Fora do Eixo;-23.5505199;-46.6333094
CentralPeriférica;-25.4289541;-49.267137
Estatuinte;-25.4289541;-49.267137
Fórum Pontos de Cultura RS;-30.0346316;-51.2176986
Term: Cidade: rio-grande-do-sul, não encontrada, tax: territorio, Post: 102, cols: Rio Grande do Sul, Rio Grande do Sul, cidade: Rio Grande do Sul, cidade_slug: rio-grande-do-sul
Jarê;-12.5617279;-41.3898761
Teia Paraná;-31.7413197;-60.5115471
surA Comunicación;-34.6036844;-58.3815591
Sindicato do Poder Judiciário Federal dos trabalhadores de Estado do Sergipe;-10.9472468;-37.0730823
EDPOPSUS – SE  - Curso de Educação Popular em Saúde do Estado de Sergipe;-10.9472468;-37.0730823
Ciclo de Cultura Digital;16.864543;-99.8760448
Term: UF: , não encontrado, tax: territorio, Post: 108, cols: Não consta, 
Term: Cidade: nao-consta, não encontrada, tax: territorio, Post: 108, cols: Não consta, , cidade: Não consta, cidade_slug: nao-consta
http://raquelsuelen.redelivre.org.br -> ponto em rede não encontrado
Term: UF: , não encontrado, tax: territorio, Post: 109, cols: , 
Mobiliza Curitiba;-25.4289541;-49.267137
http://varadourocultural.redelivre.org.br -> ponto em rede não encontrado
Term: UF: , não encontrado, tax: territorio, Post: 111, cols: , 
http://pontodeculturarural.redelivre.org.br -> ponto em rede não encontrado
Term: UF: , não encontrado, tax: territorio, Post: 112, cols: , 
http://bancadahacker.redelivre.org.br -> ponto em rede não encontrado
Term: UF: , não encontrado, tax: territorio, Post: 113, cols: , 
http://teianacional.redelivre.org.br -> ponto em rede não encontrado
Term: UF: , não encontrado, tax: territorio, Post: 114, cols: , 
http://cecop.redelivre.org.br -> ponto em rede não encontrado
Term: UF: , não encontrado, tax: territorio, Post: 115, cols: , 
http://pontoescarceu.redelivre.org.br -> ponto em rede não encontrado
Term: UF: , não encontrado, tax: territorio, Post: 116, cols: , 
http://desenhonasaladeaula.redelivre.org.br -> ponto em rede não encontrado
Term: UF: , não encontrado, tax: territorio, Post: 117, cols: , 
http://coletivofulo.redelivre.org.br -> ponto em rede não encontrado
Term: UF: , não encontrado, tax: territorio, Post: 118, cols: , 
http://vucovuco.redelivre.org.br -> ponto em rede não encontrado
Term: UF: , não encontrado, tax: territorio, Post: 119, cols: , 
http://cinema.redelivre.org.br -> ponto em rede não encontrado
Term: UF: , não encontrado, tax: territorio, Post: 120, cols: , 
http://viravila.redelivre.org.br -> ponto em rede não encontrado
Term: UF: , não encontrado, tax: territorio, Post: 121, cols: , 
http://nativagama.redelivre.org.br -> ponto em rede não encontrado
Term: UF: , não encontrado, tax: territorio, Post: 122, cols: , 
http://conexaofelipecamarao.redelivre.org.br -> ponto em rede não encontrado
Term: UF: , não encontrado, tax: territorio, Post: 123, cols: , 
http://olharesnomundo.redelivre.org.br -> ponto em rede não encontrado
Term: UF: , não encontrado, tax: territorio, Post: 124, cols: , 
http://coisasdeumpensadoramador.redelivre.org.br -> ponto em rede não encontrado
Term: UF: , não encontrado, tax: territorio, Post: 125, cols: , 
http://najaguarari.redelivre.org.br -> ponto em rede não encontrado
Term: UF: , não encontrado, tax: territorio, Post: 126, cols: , 
http://mestremarcos.redelivre.org.br -> ponto em rede não encontrado
Term: UF: , não encontrado, tax: territorio, Post: 127, cols: , 
http://coisasdaminhacidade.redelivre.org.br -> ponto em rede não encontrado
Term: UF: , não encontrado, tax: territorio, Post: 128, cols: , 
http://sineziojosechacon.redelivre.org.br -> ponto em rede não encontrado
Term: UF: , não encontrado, tax: territorio, Post: 129, cols: , 
http://katiaebrenos.redelivre.org.br -> ponto em rede não encontrado
Term: UF: , não encontrado, tax: territorio, Post: 130, cols: , 
http://museunisiafloresta.redelivre.org.br -> ponto em rede não encontrado
Term: UF: , não encontrado, tax: territorio, Post: 131, cols: , 
Elas também.;-25.4289541;-49.267137
Quilombo do Sopapo;-30.0831899;-51.2380607
http://consultalabculturadigital.redelivre.org.br -> ponto em rede não encontrado
Term: UF: , não encontrado, tax: territorio, Post: 134, cols: , 
Secretaria de Cidadania e da Diversidade Cultural -> ponto em rede não encontrado
Term: UF: , não encontrado, tax: territorio, Post: 135, cols: Projeto institucional para a SCDC/MINC - Será migrado para o Culturadigital.br, 
Term: Cidade: projeto-institucional-para-a-scdcminc-sera-migrado-para-o-culturadigital-br, não encontrada, tax: territorio, Post: 135, cols: Projeto institucional para a SCDC/MINC - Será migrado para o Culturadigital.br, , cidade: Projeto institucional para a SCDC/MINC - Será migrado para o Culturadigital.br, cidade_slug: projeto-institucional-para-a-scdcminc-sera-migrado-para-o-culturadigital-br
Grito Rock -> ponto em rede não encontrado
Term: UF: multiplos, não encontrado, tax: territorio, Post: 136, cols: Múltiplos, Múltiplos
Term: Cidade: multiplos, não encontrada, tax: territorio, Post: 136, cols: Múltiplos, Múltiplos, cidade: Múltiplos, cidade_slug: multiplos
http://ola.redelivre.org.br -> ponto em rede não encontrado
Term: UF: , não encontrado, tax: territorio, Post: 137, cols: , 
Union Diaguita;-26.8082848;-65.2175903
Term: UF: tucuman, não encontrado, tax: territorio, Post: 138, cols: Tucumán, Tucumán
Term: Cidade: tucuman, não encontrada, tax: territorio, Post: 138, cols: Tucumán, Tucumán, cidade: Tucumán, cidade_slug: tucuman
Circula Cultura -> ponto em rede não encontrado
Term: UF: , não encontrado, tax: territorio, Post: 139, cols: , 
http://educacaoufpr.redelivre.org.br -> ponto em rede não encontrado
Term: UF: , não encontrado, tax: territorio, Post: 140, cols: , 
http://deplae.redelivre.org.br -> ponto em rede não encontrado
Term: UF: , não encontrado, tax: territorio, Post: 141, cols: , 
http://dtfe.redelivre.org.br -> ponto em rede não encontrado
Term: UF: , não encontrado, tax: territorio, Post: 142, cols: , 
http://dtpen.redelivre.org.br -> ponto em rede não encontrado
Term: UF: , não encontrado, tax: territorio, Post: 143, cols: , 
http://memorialeducacao.redelivre.org.br -> ponto em rede não encontrado
Term: UF: , não encontrado, tax: territorio, Post: 144, cols: , 
Mapa da Folia;-19.9166813;-43.9344931
http://teiacuritiba.redelivre.org.br -> ponto em rede não encontrado
Term: UF: , não encontrado, tax: territorio, Post: 146, cols: , 
NetLabel;-34.6036844;-58.3815591
http://fmpocahullo.redelivre.org.br -> ponto em rede não encontrado
Term: UF: , não encontrado, tax: territorio, Post: 148, cols: , 
http://hospedacultura.redelivre.org.br -> ponto em rede não encontrado
Term: UF: , não encontrado, tax: territorio, Post: 149, cols: @MovimentoSocialDasCulturas, 
Term: Cidade: movimentosocialdasculturas, não encontrada, tax: territorio, Post: 149, cols: @MovimentoSocialDasCulturas, , cidade: @MovimentoSocialDasCulturas, cidade_slug: movimentosocialdasculturas
CAMPAÑA ARGENTINA POR EL DERECHO A LA EDUCACION (CADE), -> ponto em rede não encontrado
Term: UF: , não encontrado, tax: territorio, Post: 150, cols: , 
http://cvcteste.redelivre.org.br -> ponto em rede não encontrado
Term: UF: , não encontrado, tax: territorio, Post: 151, cols: , 
Comitê Popular da Copa de Curitiba;-25.4289541;-49.267137
http://testedana.redelivre.org.br -> ponto em rede não encontrado
Term: UF: , não encontrado, tax: territorio, Post: 153, cols: , 
http://archivosura.redelivre.org.br -> ponto em rede não encontrado
Term: UF: , não encontrado, tax: territorio, Post: 154, cols: , 
Semana de la Economía Criativa -> ponto em rede não encontrado
Term: UF: , não encontrado, tax: territorio, Post: 155, cols: , 
http://unipaz.redelivre.org.br -> ponto em rede não encontrado
Term: UF: , não encontrado, tax: territorio, Post: 156, cols: , 
Encontro Nacional de Agroecologia;-9.4278966;-40.5058152
http://sam.redelivre.org.br -> ponto em rede não encontrado
Term: UF: , não encontrado, tax: territorio, Post: 158, cols: , 
Pontos de Cultura do Paraná;-25.2520888;-52.0215415
SENCE - Secretaria Nacional de Casas de Estudantes;-15.7942287;-47.8821658
http://devrecid.redelivre.org.br -> ponto em rede não encontrado
Term: UF: , não encontrado, tax: territorio, Post: 161, cols: , 
http://usinageradora.redelivre.org.br -> ponto em rede não encontrado
Term: UF: , não encontrado, tax: territorio, Post: 162, cols: , 
Plataforma Puente;-16.489689;-68.1192936
Term: UF: , não encontrado, tax: territorio, Post: 163, cols: La Paz, 
Term: Cidade: la-paz, não encontrada, tax: territorio, Post: 163, cols: La Paz, , cidade: La Paz, cidade_slug: la-paz
http://mapeoplatohedro.redelivre.org.br -> ponto em rede não encontrado
Term: UF: , não encontrado, tax: territorio, Post: 164, cols: , 
http://eje.redelivre.org.br -> ponto em rede não encontrado
Term: UF: , não encontrado, tax: territorio, Post: 165, cols: , 
http://redemedellin.redelivre.org.br -> ponto em rede não encontrado
Term: UF: , não encontrado, tax: territorio, Post: 166, cols: , 
http://casla.redelivre.org.br -> ponto em rede não encontrado
Term: UF: , não encontrado, tax: territorio, Post: 167, cols: , 
http://politica3punto0.redelivre.org.br -> ponto em rede não encontrado
Term: UF: , não encontrado, tax: territorio, Post: 168, cols: , 
http://pontotri.redelivre.org.br -> ponto em rede não encontrado
Term: UF: , não encontrado, tax: territorio, Post: 169, cols: , 
http://pckanhgagjare.redelivre.org.br -> ponto em rede não encontrado
Term: UF: , não encontrado, tax: territorio, Post: 170, cols: , 
http://pontodeculturacacapava.redelivre.org.br -> ponto em rede não encontrado
Term: UF: , não encontrado, tax: territorio, Post: 171, cols: , 
http://fundacionwintata.redelivre.org.br -> ponto em rede não encontrado
Term: UF: , não encontrado, tax: territorio, Post: 172, cols: , 
http://maloca21.redelivre.org.br -> ponto em rede não encontrado
Term: UF: , não encontrado, tax: territorio, Post: 173, cols: , 
IMAGINARTE COMUNICACIÓN COMUNITARIA;4.7109886;-74.072092
Term: UF: , não encontrado, tax: territorio, Post: 174, cols: Bogotá, 
Term: Cidade: bogota, não encontrada, tax: territorio, Post: 174, cols: Bogotá, , cidade: Bogotá, cidade_slug: bogota
http://dcarte.redelivre.org.br -> ponto em rede não encontrado
Term: UF: , não encontrado, tax: territorio, Post: 175, cols: , 
http://caoss.redelivre.org.br -> ponto em rede não encontrado
Term: UF: , não encontrado, tax: territorio, Post: 176, cols: , 
http://sikusdeteusaka.redelivre.org.br -> ponto em rede não encontrado
Term: UF: , não encontrado, tax: territorio, Post: 177, cols: , 
http://entreredes.redelivre.org.br -> ponto em rede não encontrado
Term: UF: , não encontrado, tax: territorio, Post: 178, cols: , 
Recid - Rede de Educação Cidadã;-15.7942287;-47.8821658
http://gat.redelivre.org.br -> ponto em rede não encontrado
Term: UF: , não encontrado, tax: territorio, Post: 180, cols: , 
http://equiposlocalesdecultura.redelivre.org.br -> ponto em rede não encontrado
Term: UF: , não encontrado, tax: territorio, Post: 181, cols: , 
http://camprs.redelivre.org.br -> ponto em rede não encontrado
Term: UF: , não encontrado, tax: territorio, Post: 182, cols: , 
http://fundossolidarios.redelivre.org.br -> ponto em rede não encontrado
Term: UF: , não encontrado, tax: territorio, Post: 183, cols: , 
http://oficinadacapoeirasuba.redelivre.org.br -> ponto em rede não encontrado
Term: UF: , não encontrado, tax: territorio, Post: 184, cols: , 
Laboratorio de Cuerpo y Tecnología -> ponto em rede não encontrado
Term: UF: , não encontrado, tax: territorio, Post: 185, cols: , 
Sikus de Teusaka;4.7109886;-74.072092
Term: UF: , não encontrado, tax: territorio, Post: 186, cols: Bogotá, 
Term: Cidade: bogota, não encontrada, tax: territorio, Post: 186, cols: Bogotá, , cidade: Bogotá, cidade_slug: bogota
http://herederosagrosolidarios.redelivre.org.br -> ponto em rede não encontrado
Term: UF: , não encontrado, tax: territorio, Post: 187, cols: , 
http://brecha.redelivre.org.br -> ponto em rede não encontrado
Term: UF: , não encontrado, tax: territorio, Post: 188, cols: , 
Campanha pela integralidade e implementação do PNDH-3 -> ponto em rede não encontrado
Term: UF: , não encontrado, tax: territorio, Post: 189, cols: , 
Defensa del territorio -> ponto em rede não encontrado
Term: UF: , não encontrado, tax: territorio, Post: 190, cols: , 
http://canchimalos.redelivre.org.br -> ponto em rede não encontrado
Term: UF: , não encontrado, tax: territorio, Post: 191, cols: , 
http://enlascalles.redelivre.org.br -> ponto em rede não encontrado
Term: UF: , não encontrado, tax: territorio, Post: 192, cols: , 
http://humanoides.redelivre.org.br -> ponto em rede não encontrado
Term: UF: , não encontrado, tax: territorio, Post: 193, cols: , 
http://cantoarena.redelivre.org.br;6.2530408;-75.5645737
Term: Cidade: medellin, não encontrada, tax: territorio, Post: 194, cols: Medellín, Colômbia, cidade: Medellín, cidade_slug: medellin
http://ratondebiblioteca.redelivre.org.br;4.570868;-74.297333
http://redexpresarte.redelivre.org.br -> ponto em rede não encontrado
Term: UF: , não encontrado, tax: territorio, Post: 196, cols: , 
http://centrodereferenciajongueirosdosudeste.redelivre.org.br -> ponto em rede não encontrado
Term: UF: , não encontrado, tax: territorio, Post: 197, cols: , 
http://conferenciaculturacampinas.redelivre.org.br -> ponto em rede não encontrado
Term: UF: , não encontrado, tax: territorio, Post: 198, cols: , 
http://culturasancristovan.redelivre.org.br -> ponto em rede não encontrado
Term: UF: , não encontrado, tax: territorio, Post: 199, cols: , 
http://marthacecilia.redelivre.org.br -> ponto em rede não encontrado
Term: UF: , não encontrado, tax: territorio, Post: 200, cols: , 
http://eltendedero.redelivre.org.br -> ponto em rede não encontrado
Term: UF: , não encontrado, tax: territorio, Post: 201, cols: , 
http://incinerante.redelivre.org.br -> ponto em rede não encontrado
Term: UF: , não encontrado, tax: territorio, Post: 202, cols: , 
http://haciaellitoral.redelivre.org.br -> ponto em rede não encontrado
Term: UF: , não encontrado, tax: territorio, Post: 203, cols: , 
Teatro Esquina Latina -> ponto em rede não encontrado
Term: UF: , não encontrado, tax: territorio, Post: 204, cols: , 
http://sembrandoando.redelivre.org.br -> ponto em rede não encontrado
Term: UF: , não encontrado, tax: territorio, Post: 205, cols: , 
http://informare.redelivre.org.br -> ponto em rede não encontrado
Term: UF: , não encontrado, tax: territorio, Post: 206, cols: , 
http://objetarte.redelivre.org.br -> ponto em rede não encontrado
Term: UF: , não encontrado, tax: territorio, Post: 207, cols: , 
http://negacionabsoluta.redelivre.org.br -> ponto em rede não encontrado
Term: UF: , não encontrado, tax: territorio, Post: 208, cols: , 
http://expocasitamara.redelivre.org.br -> ponto em rede não encontrado
Term: UF: , não encontrado, tax: territorio, Post: 209, cols: , 
http://mapeos.redelivre.org.br -> ponto em rede não encontrado
Term: UF: , não encontrado, tax: territorio, Post: 210, cols: , 
http://JornadasComplementarias.redelivre.org.br -> ponto em rede não encontrado
Term: UF: , não encontrado, tax: territorio, Post: 211, cols: , 
Federacion Agro Solidária -> ponto em rede não encontrado
Term: UF: , não encontrado, tax: territorio, Post: 212, cols: , 
fundación El Silbido de la Montaña -> ponto em rede não encontrado
Term: UF: , não encontrado, tax: territorio, Post: 213, cols: , 
Asociación Cultural Comunitaria Tiempos Nuevos -> ponto em rede não encontrado
Term: UF: , não encontrado, tax: territorio, Post: 214, cols: , 
Fundación Kolping -> ponto em rede não encontrado
Term: UF: , não encontrado, tax: territorio, Post: 215, cols: , 
Asociación de Prosumidores Agroecológicos -> ponto em rede não encontrado
Term: UF: , não encontrado, tax: territorio, Post: 216, cols: , 
Festival Aby Ayala -> ponto em rede não encontrado
Term: UF: , não encontrado, tax: territorio, Post: 217, cols: , 
Aby Ayala;5.454511;-73.362003
Term: Cidade: boyaca, não encontrada, tax: territorio, Post: 218, cols: Boyacá, Colômbia, cidade: Boyacá, cidade_slug: boyaca
http://calles.redelivre.org.br -> ponto em rede não encontrado
Term: UF: , não encontrado, tax: territorio, Post: 219, cols: , 
Oficinas Minka;-23.4682194;-46.5774783
Term: UF: , não encontrado, tax: territorio, Post: 220, cols: Multiplas, 
Term: Cidade: multiplas, não encontrada, tax: territorio, Post: 220, cols: Multiplas, , cidade: Multiplas, cidade_slug: multiplas
http://sikurischia.redelivre.org.br -> ponto em rede não encontrado
Term: UF: , não encontrado, tax: territorio, Post: 221, cols: , 
http://zamponasurbanas.redelivre.org.br -> ponto em rede não encontrado
Term: UF: , não encontrado, tax: territorio, Post: 222, cols: , 
Quinua nativa;-27.4668123;-58.9112749
Term: UF: , não encontrado, tax: territorio, Post: 223, cols: San Cristóban, 
Term: Cidade: san-cristoban, não encontrada, tax: territorio, Post: 223, cols: San Cristóban, , cidade: San Cristóban, cidade_slug: san-cristoban
Intillay -> ponto em rede não encontrado
Term: UF: , não encontrado, tax: territorio, Post: 224, cols:  , 
Comunidad Zampoñas Urbanas -> ponto em rede não encontrado
Term: UF: , não encontrado, tax: territorio, Post: 225, cols: , 
Agrosolidaria Engativa;4.7109886;-74.072092
Term: UF: , não encontrado, tax: territorio, Post: 226, cols: Bogotá, 
Term: Cidade: bogota, não encontrada, tax: territorio, Post: 226, cols: Bogotá, , cidade: Bogotá, cidade_slug: bogota
Tramar -> ponto em rede não encontrado
Term: UF: , não encontrado, tax: territorio, Post: 227, cols: , 
Los Sikuris Colombia;-1.5766627;9.2636605
Term: UF: , não encontrado, tax: territorio, Post: 228, cols:  , 
Violeta Producciones -> ponto em rede não encontrado
Term: UF: , não encontrado, tax: territorio, Post: 229, cols:  , 
Qhempi -> ponto em rede não encontrado
Term: UF: , não encontrado, tax: territorio, Post: 230, cols:  , 
Flacso Brasil;-23.5408545;-46.6386734
http://desnuda.redelivre.org.br -> ponto em rede não encontrado
Term: UF: , não encontrado, tax: territorio, Post: 232, cols: , 
Vientos Danzantes, Construyendo Comunidad;4.7109886;-74.072092
Term: UF: , não encontrado, tax: territorio, Post: 233, cols: Bogotá, 
Term: Cidade: bogota, não encontrada, tax: territorio, Post: 233, cols: Bogotá, , cidade: Bogotá, cidade_slug: bogota
http://rosana.redelivre.org.br -> ponto em rede não encontrado
Term: UF: , não encontrado, tax: territorio, Post: 234, cols: , 
MINKA - Banco de Las Redes;10.4696404;-66.8037185
Term: UF: , não encontrado, tax: territorio, Post: 235, cols: Caracas, 
Term: Cidade: caracas, não encontrada, tax: territorio, Post: 235, cols: Caracas, , cidade: Caracas, cidade_slug: caracas
http://lilolu.redelivre.org.br -> ponto em rede não encontrado
Term: UF: , não encontrado, tax: territorio, Post: 236, cols: , 
Mandicuera - Associação de Cultura Popular;-25.5165725;-48.5229975
http://canoa.redelivre.org.br -> ponto em rede não encontrado
Term: UF: , não encontrado, tax: territorio, Post: 238, cols: , 
Sistema de informações da RECID;-15.7942287;-47.8821658
http://geribanda.redelivre.org.br -> ponto em rede não encontrado
Term: UF: , não encontrado, tax: territorio, Post: 240, cols: , 
http://dowbor.redelivre.org.br -> ponto em rede não encontrado
Term: UF: , não encontrado, tax: territorio, Post: 241, cols: , 
Sembrando la palavra -> ponto em rede não encontrado
Term: UF: , não encontrado, tax: territorio, Post: 242, cols: , 
http://tequendama.redelivre.org.br -> ponto em rede não encontrado
Term: UF: , não encontrado, tax: territorio, Post: 243, cols: , 
http://testedesign.redelivre.org.br -> ponto em rede não encontrado
Term: UF: , não encontrado, tax: territorio, Post: 244, cols: , 
http://navegarte.redelivre.org.br -> ponto em rede não encontrado
Term: UF: , não encontrado, tax: territorio, Post: 245, cols: , 
Curso Anual de Comunicação Popular;-34.6036844;-58.3815591
http://territoriodeideas.redelivre.org.br -> ponto em rede não encontrado
Term: UF: , não encontrado, tax: territorio, Post: 247, cols: , 
http://elmaizal.redelivre.org.br -> ponto em rede não encontrado
Term: UF: , não encontrado, tax: territorio, Post: 248, cols: , 
http://rutakennedy.redelivre.org.br -> ponto em rede não encontrado
Term: UF: , não encontrado, tax: territorio, Post: 249, cols: , 
http://SUAM.redelivre.org.br -> ponto em rede não encontrado
Term: UF: , não encontrado, tax: territorio, Post: 250, cols: , 
http://alianzaagroecologia.redelivre.org.br -> ponto em rede não encontrado
Term: UF: , não encontrado, tax: territorio, Post: 251, cols: , 
http://fiocruz.redelivre.org.br -> ponto em rede não encontrado
Term: UF: , não encontrado, tax: territorio, Post: 252, cols: , 
http://creacionesguaia.redelivre.org.br -> ponto em rede não encontrado
Term: UF: , não encontrado, tax: territorio, Post: 253, cols: , 
http://Ecogaia.redelivre.org.br -> ponto em rede não encontrado
Term: UF: , não encontrado, tax: territorio, Post: 254, cols: , 
Caravana da Educação em Direitos Humanos;-15.7942287;-47.8821658
http://wilson.redelivre.org.br -> ponto em rede não encontrado
Term: UF: , não encontrado, tax: territorio, Post: 256, cols: , 
http://projetoviver-rs.redelivre.org.br -> ponto em rede não encontrado
Term: UF: , não encontrado, tax: territorio, Post: 257, cols: , 
http://avec.redelivre.org.br -> ponto em rede não encontrado
Term: UF: , não encontrado, tax: territorio, Post: 258, cols: , 
http://mulheres.redelivre.org.br -> ponto em rede não encontrado
Term: UF: , não encontrado, tax: territorio, Post: 259, cols: , 
Espaço Fórum Social Porto Alegre;-30.0297536;-51.2320655
http://consultafomentoculturacarioca.redelivre.org.br -> ponto em rede não encontrado
Term: UF: , não encontrado, tax: territorio, Post: 261, cols: , 
Acorda Cultura Curitiba;-25.4289541;-49.267137
Águas para a vida;-25.4289541;-49.267137
http://entv.redelivre.org.br -> ponto em rede não encontrado
Term: UF: , não encontrado, tax: territorio, Post: 264, cols: , 
Abetra (Associação Brasileira de Especialistas em Relações de Trabalho);-15.7942287;-47.8821658
http://PontodeCultura.redelivre.org.br -> ponto em rede não encontrado
Term: UF: , não encontrado, tax: territorio, Post: 266, cols: , 
http://fard.redelivre.org.br -> ponto em rede não encontrado
Term: UF: , não encontrado, tax: territorio, Post: 267, cols: , 
http://betoacasaenossa.redelivre.org.br -> ponto em rede não encontrado
Term: UF: , não encontrado, tax: territorio, Post: 268, cols: , 
http://artestacao.redelivre.org.br -> ponto em rede não encontrado
Term: UF: , não encontrado, tax: territorio, Post: 269, cols: , 
http://24deagosto.redelivre.org.br -> ponto em rede não encontrado
Term: UF: , não encontrado, tax: territorio, Post: 270, cols: , 
http://travel.redelivre.org.br -> ponto em rede não encontrado
Term: UF: , não encontrado, tax: territorio, Post: 271, cols: , 
http://livrejor.redelivre.org.br -> ponto em rede não encontrado
Term: UF: , não encontrado, tax: territorio, Post: 272, cols: , 
http://ahlikuncisurabaya.redelivre.org.br -> ponto em rede não encontrado
Term: UF: , não encontrado, tax: territorio, Post: 273, cols: , 
http://ellendasilva.redelivre.org.br -> ponto em rede não encontrado
Term: UF: , não encontrado, tax: territorio, Post: 274, cols: , 
http://mosbrasil.redelivre.org.br -> ponto em rede não encontrado
Term: UF: , não encontrado, tax: territorio, Post: 275, cols: , 
Mapa da Cultura de Curitiba;-25.4289541;-49.267137
Mapa da Folia 2014;-19.9166813;-43.9344931
http://conexaocultural.redelivre.org.br -> ponto em rede não encontrado
Term: UF: , não encontrado, tax: territorio, Post: 278, cols: , 
http://Clube24deAgosto.redelivre.org.br -> ponto em rede não encontrado
Term: UF: , não encontrado, tax: territorio, Post: 279, cols: , 
http://pao.redelivre.org.br -> ponto em rede não encontrado
Term: UF: , não encontrado, tax: territorio, Post: 280, cols: , 
http://pontodeculturafeminista.redelivre.org.br -> ponto em rede não encontrado
Term: UF: , não encontrado, tax: territorio, Post: 281, cols: , 
http://damarisguedes.redelivre.org.br -> ponto em rede não encontrado
Term: UF: , não encontrado, tax: territorio, Post: 282, cols: , 
Instituto de Pesquisa, Direitos e Movimentos sociais;-15.813415;-48.1044183
Term: Cidade: ceilandia, não encontrada, tax: territorio, Post: 283, cols: Ceilândia, Distrito Federal, cidade: Ceilândia, cidade_slug: ceilandia
http://ifnmg.redelivre.org.br -> ponto em rede não encontrado
Term: UF: , não encontrado, tax: territorio, Post: 284, cols: , 
Frentex-PR - Frente Paranaense pelo Direito à Comunicação e Liberdade de Expressão;-25.4289541;-49.267137
http://TiendaMhuysua.redelivre.org.br -> ponto em rede não encontrado
Term: UF: , não encontrado, tax: territorio, Post: 286, cols: , 
http://produtorascolaborativas.redelivre.org.br -> ponto em rede não encontrado
Term: UF: , não encontrado, tax: territorio, Post: 287, cols: , 
http://mapafeminista.redelivre.org.br -> ponto em rede não encontrado
Term: UF: , não encontrado, tax: territorio, Post: 288, cols: , 
CriaCidade - Ocupação Cartográfica;-25.4596714;-49.527294
http://Nacional.redelivre.org.br -> ponto em rede não encontrado
Term: UF: , não encontrado, tax: territorio, Post: 290, cols: , 
http://dristy.redelivre.org.br -> ponto em rede não encontrado
Term: UF: , não encontrado, tax: territorio, Post: 291, cols: , 
http://terreiradatribo.redelivre.org.br -> ponto em rede não encontrado
Term: UF: , não encontrado, tax: territorio, Post: 292, cols: , 
http://teste.redelivre.org.br -> ponto em rede não encontrado
Term: UF: , não encontrado, tax: territorio, Post: 293, cols: , 
http://lacorrentada.redelivre.org.br -> ponto em rede não encontrado
Term: UF: , não encontrado, tax: territorio, Post: 294, cols: , 
http://flaviopinheiro13.redelivre.org.br -> ponto em rede não encontrado
Term: UF: , não encontrado, tax: territorio, Post: 295, cols: , 
Festival Latinoamericano de Instalación de Software Libre;4.7109886;-74.072092
Term: UF: , não encontrado, tax: territorio, Post: 296, cols: Bogotá, 
Term: Cidade: bogota, não encontrada, tax: territorio, Post: 296, cols: Bogotá, , cidade: Bogotá, cidade_slug: bogota
http://inclusao.redelivre.org.br -> ponto em rede não encontrado
Term: UF: , não encontrado, tax: territorio, Post: 297, cols: , 
Lei Cultura Viva Paraná;-15.7942287;-47.8821658
Term: Cidade: braslilia, não encontrada, tax: territorio, Post: 298, cols: Braslília, Distrito Federal, cidade: Braslília, cidade_slug: braslilia
http://yuluka.redelivre.org.br -> ponto em rede não encontrado
Term: UF: , não encontrado, tax: territorio, Post: 299, cols: , 
http://Tamhuy.redelivre.org.br -> ponto em rede não encontrado
Term: UF: , não encontrado, tax: territorio, Post: 300, cols: , 
História da Estação;-22.9099384;-47.0626332
http://mesabicibogota.redelivre.org.br -> ponto em rede não encontrado
Term: UF: , não encontrado, tax: territorio, Post: 302, cols: , 
http://testeredelivre.redelivre.org.br -> ponto em rede não encontrado
Term: UF: , não encontrado, tax: territorio, Post: 303, cols: , 
Network Bogota;4.7109886;-74.072092
Term: UF: , não encontrado, tax: territorio, Post: 304, cols: Bogotá, 
Term: Cidade: bogota, não encontrada, tax: territorio, Post: 304, cols: Bogotá, , cidade: Bogotá, cidade_slug: bogota
Governos pós-liberais;-22.911086;-43.2359653
http://ciclodedebates.redelivre.org.br -> ponto em rede não encontrado
Term: UF: , não encontrado, tax: territorio, Post: 306, cols: , 
Observatório do pré-sal;-22.9107436;-43.1771979
http://tacio.redelivre.org.br -> ponto em rede não encontrado
Term: UF: , não encontrado, tax: territorio, Post: 308, cols: , 
http://agendacolaborativa.redelivre.org.br -> ponto em rede não encontrado
Term: UF: , não encontrado, tax: territorio, Post: 309, cols: , 
http://nodoalcala.redelivre.org.br -> ponto em rede não encontrado
Term: UF: , não encontrado, tax: territorio, Post: 310, cols: , 
Pererê Acões culturais e educativas;-22.9099384;-47.0626332
As condições de trabalho no setor sucroalcooleiro;-23.5432075;-46.6827376
http://brega.redelivre.org.br -> ponto em rede não encontrado
Term: UF: , não encontrado, tax: territorio, Post: 313, cols: , 
Seminário Metrópole - A metrópole em debate: do estatuto à prática;-25.4289541;-49.267137
http://umoutroporto.redelivre.org.br -> ponto em rede não encontrado
Term: UF: , não encontrado, tax: territorio, Post: 315, cols: , 
Curso de Comunicação Popular do Paraná;-25.4289541;-49.267137
Juventude da Militância Socialista;-25.4289541;-49.267137
AVEC - Associação de Cinema e Vídeo do Paraná;-25.4289541;-49.267137
Cinergia Audiovisual;4.7109886;-74.072092
Term: UF: , não encontrado, tax: territorio, Post: 319, cols: Bogotá, 
Term: Cidade: bogota, não encontrada, tax: territorio, Post: 319, cols: Bogotá, , cidade: Bogotá, cidade_slug: bogota
Labcidade;-23.5505199;-46.6333094
http://democraciadigital.redelivre.org.br -> ponto em rede não encontrado
Term: UF: , não encontrado, tax: territorio, Post: 321, cols: , 
Terra de Direitos -> ponto em rede não encontrado
Term: UF: multiplos, não encontrado, tax: territorio, Post: 322, cols: Múltiplos, Múltiplos
Term: Cidade: multiplos, não encontrada, tax: territorio, Post: 322, cols: Múltiplos, Múltiplos, cidade: Múltiplos, cidade_slug: multiplos
http://portalredelivre.redelivre.org.br -> ponto em rede não encontrado
Term: UF: , não encontrado, tax: territorio, Post: 323, cols: , 
Candelaria Comunica -> ponto em rede não encontrado
Term: UF: , não encontrado, tax: territorio, Post: 324, cols: , 
La Tulpa Colectiva;4.7109886;-74.072092
Term: UF: , não encontrado, tax: territorio, Post: 325, cols: Bogotá, 
Term: Cidade: bogota, não encontrada, tax: territorio, Post: 325, cols: Bogotá, , cidade: Bogotá, cidade_slug: bogota
Jovens de Esquerda -> ponto em rede não encontrado
Term: UF: , não encontrado, tax: territorio, Post: 326, cols:  , 
ASPTA - Agricultura familiar e agroecologia;-22.9530511;-43.1910478
Justiça Global;-22.9110725;-43.1722518
http://larissa.redelivre.org.br -> ponto em rede não encontrado
Term: UF: , não encontrado, tax: territorio, Post: 329, cols: , 
http://gdynia.redelivre.org.br -> ponto em rede não encontrado
Term: UF: , não encontrado, tax: territorio, Post: 330, cols: , 
http://cristianodespertare.redelivre.org.br -> ponto em rede não encontrado
Term: UF: , não encontrado, tax: territorio, Post: 331, cols: , 
http://cristianocm.redelivre.org.br -> ponto em rede não encontrado
Term: UF: , não encontrado, tax: territorio, Post: 332, cols: , 
http://projetomidialivre.redelivre.org.br -> ponto em rede não encontrado
Term: UF: , não encontrado, tax: territorio, Post: 333, cols: , 
http://Brasil2030.redelivre.org.br -> ponto em rede não encontrado
Term: UF: , não encontrado, tax: territorio, Post: 334, cols: , 
Praticas de Continuidade -> ponto em rede não encontrado
Term: UF: , não encontrado, tax: territorio, Post: 335, cols: , 
http://teste12345.redelivre.org.br -> ponto em rede não encontrado
Term: UF: , não encontrado, tax: territorio, Post: 336, cols: , 
Projeto Mídia Livre -> ponto em rede não encontrado
Term: UF: , não encontrado, tax: territorio, Post: 337, cols: , 
Articulação Nacional de Agroecologia -> ponto em rede não encontrado
Term: UF: , não encontrado, tax: territorio, Post: 338, cols: , 
Observatório do Pré-Sal -> ponto em rede não encontrado
Term: UF: , não encontrado, tax: territorio, Post: 339, cols: , 
Ciranda - Central de Notícias dos Direitos da Infância e Adolescência;-25.4289541;-49.267137
Alquimídia -> ponto em rede não encontrado
Term: UF: , não encontrado, tax: territorio, Post: 341, cols: , 
LIGA PANELLADEXPRESSÃO -> ponto em rede não encontrado
Term: UF: , não encontrado, tax: territorio, Post: 342, cols: , 
Ponto de Cultura Luz do Sol -> ponto em rede não encontrado
Term: UF: , não encontrado, tax: territorio, Post: 343, cols: , 
Rede Colaborativa iTEIA -> ponto em rede não encontrado
Term: UF: , não encontrado, tax: territorio, Post: 344, cols: , 
Instituto Intercidadania -> ponto em rede não encontrado
Term: UF: , não encontrado, tax: territorio, Post: 345, cols: , 
Universidade Leiga do Trabalho -> ponto em rede não encontrado
Term: UF: , não encontrado, tax: territorio, Post: 346, cols: , 
</pre>